Arguments: 
  /usr/local/Cellar/node/9.8.0/bin/node /usr/local/Cellar/yarn/1.5.1_1/libexec/bin/yarn.js start

PATH: 
  /usr/local/share/android-sdk/build-tools/23.0.1:/usr/local/share/android-sdk/platform-tools:/usr/local/share/android-sdk/tools:/usr/local/opt/gradle/bin:/usr/local/opt/maven/bin:/usr/local/opt/ant/bin:/Users/zetta/.rvm/gems/ruby-2.4.2/bin:/Users/zetta/.rvm/gems/ruby-2.4.2@global/bin:/Users/zetta/.rvm/rubies/ruby-2.4.2/bin:/usr/local/bin:/usr/bin:/bin:/usr/sbin:/sbin:/usr/local/share/dotnet:/Library/Frameworks/Mono.framework/Versions/Current/Commands:/Applications/Visual Studio Code.app/Contents/Resources/app/bin:/Users/zetta/.rvm/bin

Yarn version: 
  1.5.1

Node version: 
  9.8.0

Platform: 
  darwin x64

npm manifest: 
  No manifest

yarn manifest: 
  No manifest

Lockfile: 
  No lockfile

Trace: 
  Error: Couldn't find a package.json file in "/Users/zetta/masterstake"
      at new MessageError (/usr/local/Cellar/yarn/1.5.1_1/libexec/lib/cli.js:186:110)
      at /usr/local/Cellar/yarn/1.5.1_1/libexec/lib/cli.js:40048:15
      at Generator.next (<anonymous>)
      at step (/usr/local/Cellar/yarn/1.5.1_1/libexec/lib/cli.js:98:30)
      at /usr/local/Cellar/yarn/1.5.1_1/libexec/lib/cli.js:109:13
      at <anonymous>
